0 info it worked if it ends with ok
1 verbose cli [ 'C:\\Program Files\\nodejs\\node.exe',
1 verbose cli   'C:\\Program Files\\nodejs\\node_modules\\npm\\bin\\npm-cli.js',
1 verbose cli   'run',
1 verbose cli   'dev' ]
2 info using npm@3.8.6
3 info using node@v6.0.0
4 verbose run-script [ 'predev', 'dev', 'postdev' ]
5 info lifecycle webpack-app@1.0.0~predev: webpack-app@1.0.0
6 silly lifecycle webpack-app@1.0.0~predev: no script for predev, continuing
7 info lifecycle webpack-app@1.0.0~dev: webpack-app@1.0.0
8 verbose lifecycle webpack-app@1.0.0~dev: unsafe-perm in lifecycle true
9 verbose lifecycle webpack-app@1.0.0~dev: PATH: C:\Program Files\nodejs\node_modules\npm\bin\node-gyp-bin;I:\FYGIT\Notes\React\node_modules\.bin;C:\Program Files\nodejs;C:\ProgramData\Oracle\Java\javapath;C:\Windows\system32;C:\Windows;C:\Windows\System32\Wbem;C:\Windows\System32\WindowsPowerShell\v1.0\;C:\Program Files\nodejs\;C:\Program Files\Git\cmd;C:\Program Files (x86)\NVIDIA Corporation\PhysX\Common;D:\Program Files\SVN\bin;C:\Users\fengy\AppData\Local\Programs\Python\Python35\Scripts\;C:\Users\fengy\AppData\Local\Programs\Python\Python35\;C:\Ruby23\bin;C:\Users\fengy\AppData\Local\Microsoft\WindowsApps;C:\Users\fengy\AppData\Roaming\npm;C:\Program Files (x86)\Microsoft VS Code\bin;H:\AppServ\Apache2.2\bin;H:\AppServ\php5;H:\AppServ\MySQL\bin;H:\APPServer\AppServ\Apache2.2\bin;H:\APPServer\AppServ\php5;H:\APPServer\AppServ\MySQL\bin;C:\Users\fengy\AppData\Local\atom\bin
10 verbose lifecycle webpack-app@1.0.0~dev: CWD: I:\FYGIT\Notes\React
11 silly lifecycle webpack-app@1.0.0~dev: Args: [ '/d /s /c', 'webpack-dev-server --devtool --progress' ]
12 silly lifecycle webpack-app@1.0.0~dev: Returned: code: 1  signal: null
13 info lifecycle webpack-app@1.0.0~dev: Failed to exec dev script
14 verbose stack Error: webpack-app@1.0.0 dev: `webpack-dev-server --devtool --progress`
14 verbose stack Exit status 1
14 verbose stack     at EventEmitter.<anonymous> (C:\Program Files\nodejs\node_modules\npm\lib\utils\lifecycle.js:239:16)
14 verbose stack     at emitTwo (events.js:106:13)
14 verbose stack     at EventEmitter.emit (events.js:191:7)
14 verbose stack     at ChildProcess.<anonymous> (C:\Program Files\nodejs\node_modules\npm\lib\utils\spawn.js:24:14)
14 verbose stack     at emitTwo (events.js:106:13)
14 verbose stack     at ChildProcess.emit (events.js:191:7)
14 verbose stack     at maybeClose (internal/child_process.js:850:16)
14 verbose stack     at Process.ChildProcess._handle.onexit (internal/child_process.js:215:5)
15 verbose pkgid webpack-app@1.0.0
16 verbose cwd I:\FYGIT\Notes\React
17 error Windows_NT 10.0.14393
18 error argv "C:\\Program Files\\nodejs\\node.exe" "C:\\Program Files\\nodejs\\node_modules\\npm\\bin\\npm-cli.js" "run" "dev"
19 error node v6.0.0
20 error npm  v3.8.6
21 error code ELIFECYCLE
22 error webpack-app@1.0.0 dev: `webpack-dev-server --devtool --progress`
22 error Exit status 1
23 error Failed at the webpack-app@1.0.0 dev script 'webpack-dev-server --devtool --progress'.
23 error Make sure you have the latest version of node.js and npm installed.
23 error If you do, this is most likely a problem with the webpack-app package,
23 error not with npm itself.
23 error Tell the author that this fails on your system:
23 error     webpack-dev-server --devtool --progress
23 error You can get information on how to open an issue for this project with:
23 error     npm bugs webpack-app
23 error Or if that isn't available, you can get their info via:
23 error     npm owner ls webpack-app
23 error There is likely additional logging output above.
24 verbose exit [ 1, true ]
